<?xml version="1.0" encoding="UTF-8"?>
<testsuite xmlns:xsi="http://www.w3.org/2001/XMLSchema-instance" xsi:noNamespaceSchemaLocation="https://maven.apache.org/surefire/maven-surefire-plugin/xsd/surefire-test-report-3.0.xsd" version="3.0" name="com.farah.users.UsersMicroserviceApplicationTests" time="9.508" tests="1" errors="0" skipped="0" failures="0">
  <properties>
[...]
</properties>
  <testcase name="contextLoads" classname="com.farah.users.UsersMicroserviceApplicationTests" time="1.015">
    <system-out><![CDATA[14:00:10.652 [main] INFO org.springframework.test.context.support.AnnotationConfigContextLoaderUtils -- Could not detect default configuration classes for test class [com.farah.users.UsersMicroserviceApplicationTests]: UsersMicroserviceApplicationTests does not declare any static, non-private, non-final, nested classes annotated with @Configuration.
14:00:10.809 [main] INFO org.springframework.boot.test.context.SpringBootTestContextBootstrapper -- Found @SpringBootConfiguration com.farah.users.UsersMicroserviceApplication for test class com.farah.users.UsersMicroserviceApplicationTests

  .   ____          _            __ _ _
 /\\ / ___'_ __ _ _(_)_ __  __ _ \ \ \ \
( ( )\___ | '_ | '_| | '_ \/ _` | \ \ \ \
 \\/  ___)| |_)| | | | | || (_| |  ) ) ) )
  '  |____| .__|_| |_|_| |_\__, | / / / /
 =========|_|==============|___/=/_/_/_/
 :: Spring Boot ::                (v3.1.4)

2023-10-25T14:00:11.646+01:00  INFO 19300 --- [           main] c.f.u.UsersMicroserviceApplicationTests  : Starting UsersMicroserviceApplicationTests using Java 17.0.6 with PID 19300 (started by fkifa in C:\Users\fkifa\Documents\workspace-spring-tool-suite-4-4.18.0.RELEASE\users-microservice)
2023-10-25T14:00:11.653+01:00  INFO 19300 --- [           main] c.f.u.UsersMicroserviceApplicationTests  : No active profile set, falling back to 1 default profile: "default"
2023-10-25T14:00:12.949+01:00  INFO 19300 --- [           main] .s.d.r.c.RepositoryConfigurationDelegate : Bootstrapping Spring Data JPA repositories in DEFAULT mode.
2023-10-25T14:00:13.096+01:00  INFO 19300 --- [           main] .s.d.r.c.RepositoryConfigurationDelegate : Finished Spring Data repository scanning in 131 ms. Found 2 JPA repository interfaces.
2023-10-25T14:00:13.698+01:00  INFO 19300 --- [           main] trationDelegate$BeanPostProcessorChecker : Bean 'org.springframework.ws.config.annotation.DelegatingWsConfiguration' of type [org.springframework.ws.config.annotation.DelegatingWsConfiguration$$SpringCGLIB$$0] is not eligible for getting processed by all BeanPostProcessors (for example: not eligible for auto-proxying)
2023-10-25T14:00:13.782+01:00  INFO 19300 --- [           main] .w.s.a.s.AnnotationActionEndpointMapping : Supporting [WS-Addressing August 2004, WS-Addressing 1.0]
2023-10-25T14:00:14.135+01:00  INFO 19300 --- [           main] o.hibernate.jpa.internal.util.LogHelper  : HHH000204: Processing PersistenceUnitInfo [name: default]
2023-10-25T14:00:14.242+01:00  INFO 19300 --- [           main] org.hibernate.Version                    : HHH000412: Hibernate ORM core version 6.2.9.Final
2023-10-25T14:00:14.246+01:00  INFO 19300 --- [           main] org.hibernate.cfg.Environment            : HHH000406: Using bytecode reflection optimizer
2023-10-25T14:00:14.605+01:00  INFO 19300 --- [           main] o.h.b.i.BytecodeProviderInitiator        : HHH000021: Bytecode provider name : bytebuddy
2023-10-25T14:00:14.873+01:00  INFO 19300 --- [           main] o.s.o.j.p.SpringPersistenceUnitInfo      : No LoadTimeWeaver setup: ignoring JPA class transformer
2023-10-25T14:00:14.900+01:00  INFO 19300 --- [           main] com.zaxxer.hikari.HikariDataSource       : HikariPool-1 - Starting...
2023-10-25T14:00:15.225+01:00  INFO 19300 --- [           main] com.zaxxer.hikari.pool.HikariPool        : HikariPool-1 - Added connection com.mysql.cj.jdbc.ConnectionImpl@5086623f
2023-10-25T14:00:15.229+01:00  INFO 19300 --- [           main] com.zaxxer.hikari.HikariDataSource       : HikariPool-1 - Start completed.
2023-10-25T14:00:15.315+01:00  WARN 19300 --- [           main] org.hibernate.dialect.Dialect            : HHH000511: The 5.5.0 version for [org.hibernate.dialect.MySQLDialect] is no longer supported, hence certain features may not work properly. The minimum supported version is 5.7.0. Check the community dialects project for available legacy versions.
2023-10-25T14:00:15.954+01:00  INFO 19300 --- [           main] o.h.b.i.BytecodeProviderInitiator        : HHH000021: Bytecode provider name : bytebuddy
2023-10-25T14:00:16.871+01:00  INFO 19300 --- [           main] o.h.e.t.j.p.i.JtaPlatformInitiator       : HHH000490: Using JtaPlatform implementation: [org.hibernate.engine.transaction.jta.platform.internal.NoJtaPlatform]
2023-10-25T14:00:16.986+01:00  INFO 19300 --- [           main] j.LocalContainerEntityManagerFactoryBean : Initialized JPA EntityManagerFactory for persistence unit 'default'
2023-10-25T14:00:17.668+01:00  WARN 19300 --- [           main] JpaBaseConfiguration$JpaWebConfiguration : spring.jpa.open-in-view is enabled by default. Therefore, database queries may be performed during view rendering. Explicitly configure spring.jpa.open-in-view to disable this warning
2023-10-25T14:00:17.988+01:00  INFO 19300 --- [           main] o.s.s.web.DefaultSecurityFilterChain     : Will secure any request with [org.springframework.security.web.session.DisableEncodeUrlFilter@6334c0d8, org.springframework.security.web.context.request.async.WebAsyncManagerIntegrationFilter@74ed3be4, org.springframework.security.web.context.SecurityContextHolderFilter@33997e07, org.springframework.security.web.header.HeaderWriterFilter@7dd847a2, org.springframework.security.web.authentication.logout.LogoutFilter@1ce45e18, com.farah.users.security.JWTAuthenticationFilter@48224381, com.farah.users.security.JWTAuthorizationFilter@41e43885, org.springframework.security.web.savedrequest.RequestCacheAwareFilter@eda7dd3, org.springframework.security.web.servletapi.SecurityContextHolderAwareRequestFilter@1028a747, org.springframework.security.web.authentication.AnonymousAuthenticationFilter@4131261, org.springframework.security.web.session.SessionManagementFilter@69e736bf, org.springframework.security.web.access.ExceptionTranslationFilter@1f7949dc, org.springframework.security.web.access.intercept.AuthorizationFilter@3ec52163]
2023-10-25T14:00:18.823+01:00  INFO 19300 --- [           main] c.f.u.UsersMicroserviceApplicationTests  : Started UsersMicroserviceApplicationTests in 7.728 seconds (process running for 9.599)
]]></system-out>
  </testcase>
</testsuite>